
> my-app@0.1.0 start
> react-scripts start

(node:12730) [DEP_WEBPACK_DEV_SERVER_ON_AFTER_SETUP_MIDDLEWARE] DeprecationWarning: 'onAfterSetupMiddleware' option is deprecated. Please use the 'setupMiddlewares' option.
(Use `node --trace-deprecation ...` to show where the warning was created)
(node:12730) [DEP_WEBPACK_DEV_SERVER_ON_BEFORE_SETUP_MIDDLEWARE] DeprecationWarning: 'onBeforeSetupMiddleware' option is deprecated. Please use the 'setupMiddlewares' option.
Starting the development server...

Compiled with warnings.

[eslint] 
src/components/RoleBasedRouter.tsx
  Line 2:20:  'Routes' is defined but never used  @typescript-eslint/no-unused-vars
  Line 2:28:  'Route' is defined but never used   @typescript-eslint/no-unused-vars

src/pages/Driver/AgendaPlanner/AgendaPlanner.tsx
  Line 26:10:  'viewMode' is assigned a value but never used                                                                        @typescript-eslint/no-unused-vars
  Line 26:20:  'setViewMode' is assigned a value but never used                                                                     @typescript-eslint/no-unused-vars
  Line 30:6:   React Hook useEffect has a missing dependency: 'loadAvailability'. Either include it or remove the dependency array  react-hooks/exhaustive-deps
  Line 83:9:   'formatDate' is assigned a value but never used                                                                      @typescript-eslint/no-unused-vars

src/pages/Driver/components/navigation/MapComponent.tsx
  Line 59:6:    React Hook useEffect has a missing dependency: 'userLocation'. Either include it or remove the dependency array  react-hooks/exhaustive-deps
  Line 105:10:  'mapReady' is assigned a value but never used                                                                    @typescript-eslint/no-unused-vars

src/pages/Driver/routeOverview/RouteOverview.tsx
  Line 30:8:  React Hook useEffect has a missing dependency: 'loadRoute'. Either include it or remove the dependency array  react-hooks/exhaustive-deps

src/pages/Login/login.tsx
  Line 59:9:  img elements must have an alt prop, either with meaningful text, or an empty string for decorative images  jsx-a11y/alt-text

src/services/mockDataService.ts
  Line 1:71:  'RouteBreak' is defined but never used  @typescript-eslint/no-unused-vars
  Line 4:10:  'IoHome' is defined but never used      @typescript-eslint/no-unused-vars

src/services/routeService.ts
  Line 2:17:  'RouteResponse' is defined but never used  @typescript-eslint/no-unused-vars

Search for the keywords to learn more about each warning.
To ignore, add // eslint-disable-next-line to the line before.

WARNING in [eslint] 
src/components/RoleBasedRouter.tsx
  Line 2:20:  'Routes' is defined but never used  @typescript-eslint/no-unused-vars
  Line 2:28:  'Route' is defined but never used   @typescript-eslint/no-unused-vars

src/pages/Driver/AgendaPlanner/AgendaPlanner.tsx
  Line 26:10:  'viewMode' is assigned a value but never used                                                                        @typescript-eslint/no-unused-vars
  Line 26:20:  'setViewMode' is assigned a value but never used                                                                     @typescript-eslint/no-unused-vars
  Line 30:6:   React Hook useEffect has a missing dependency: 'loadAvailability'. Either include it or remove the dependency array  react-hooks/exhaustive-deps
  Line 83:9:   'formatDate' is assigned a value but never used                                                                      @typescript-eslint/no-unused-vars

src/pages/Driver/components/navigation/MapComponent.tsx
  Line 59:6:    React Hook useEffect has a missing dependency: 'userLocation'. Either include it or remove the dependency array  react-hooks/exhaustive-deps
  Line 105:10:  'mapReady' is assigned a value but never used                                                                    @typescript-eslint/no-unused-vars

src/pages/Driver/routeOverview/RouteOverview.tsx
  Line 30:8:  React Hook useEffect has a missing dependency: 'loadRoute'. Either include it or remove the dependency array  react-hooks/exhaustive-deps

src/pages/Login/login.tsx
  Line 59:9:  img elements must have an alt prop, either with meaningful text, or an empty string for decorative images  jsx-a11y/alt-text

src/services/mockDataService.ts
  Line 1:71:  'RouteBreak' is defined but never used  @typescript-eslint/no-unused-vars
  Line 4:10:  'IoHome' is defined but never used      @typescript-eslint/no-unused-vars

src/services/routeService.ts
  Line 2:17:  'RouteResponse' is defined but never used  @typescript-eslint/no-unused-vars

webpack compiled with 1 warning
No issues found.
