
  .   ____          _            __ _ _
 /\\ / ___'_ __ _ _(_)_ __  __ _ \ \ \ \
( ( )\___ | '_ | '_| | '_ \/ _` | \ \ \ \
 \\/  ___)| |_)| | | | | || (_| |  ) ) ) )
  '  |____| .__|_| |_|_| |_\__, | / / / /
 =========|_|==============|___/=/_/_/_/

 :: Spring Boot ::                (v3.5.5)

2025-10-04 11:32:29 [PROD] - Starting TfmsApplication v1.0.0-dev using Java 21.0.8 with PID 94600 (/home/prithvish/Documents/GitHub/02/tfms-starter/target/tfms-1.0.0-dev.jar started by prithvish in /home/prithvish/Documents/GitHub/02/tfms-starter)
2025-10-04 11:32:29 [PROD] - The following 1 profile is active: "prod"
2025-10-04 11:32:31 [PROD] - Bootstrapping Spring Data JPA repositories in DEFAULT mode.
2025-10-04 11:32:31 [PROD] - Finished Spring Data repository scanning in 18 ms. Found 0 JPA repository interfaces.
2025-10-04 11:32:32 [PROD] - Tomcat initialized with port 8080 (http)
2025-10-04 11:32:32 [PROD] - Root WebApplicationContext: initialization completed in 2273 ms
2025-10-04 11:32:33 [PROD] - No LoadTimeWeaver setup: ignoring JPA class transformer
2025-10-04 11:32:33 [PROD] - HHH90000025: H2Dialect does not need to be specified explicitly using 'hibernate.dialect' (remove the property setting and it will be selected by default)
2025-10-04 11:32:34 [PROD] - Initialized JPA EntityManagerFactory for persistence unit 'default'
2025-10-04 11:32:34 [PROD] - Adding welcome page: class path resource [static/index.html]
2025-10-04 11:32:35 [PROD] - Exposing 3 endpoints beneath base path '/actuator'
2025-10-04 11:32:35 [PROD] - Tomcat started on port 8080 (http) with context path '/'
2025-10-04 11:32:35 [PROD] - Started TfmsApplication in 6.626 seconds (process running for 7.522)

============================================================
🚀 TFMS - Truck Fleet Management System
============================================================
📊 Active Profile: PROD
⚙️  Production Mode: ENABLED
🌐 Server Port: 8080
✅ Production Mode - Serving React app from /static
📱 Application URL: http://localhost:8080
🔗 API Endpoints: http://localhost:8080/api
============================================================
✅ Application started successfully!
============================================================

2025-10-04 11:32:36 [PROD] - Initializing Servlet 'dispatcherServlet'
2025-10-04 11:32:36 [PROD] - Completed initialization in 1 ms
2025-10-04 11:32:46 [PROD] - Unexpected error on /api: 
org.springframework.web.servlet.resource.NoResourceFoundException: No static resource api.
	at org.springframework.web.servlet.resource.ResourceHttpRequestHandler.handleRequest(ResourceHttpRequestHandler.java:585)
	at org.springframework.web.servlet.mvc.HttpRequestHandlerAdapter.handle(HttpRequestHandlerAdapter.java:52)
	at org.springframework.web.servlet.DispatcherServlet.doDispatch(DispatcherServlet.java:1089)
	at org.springframework.web.servlet.DispatcherServlet.doService(DispatcherServlet.java:979)
	at org.springframework.web.servlet.FrameworkServlet.processRequest(FrameworkServlet.java:1014)
	at org.springframework.web.servlet.FrameworkServlet.doGet(FrameworkServlet.java:903)
	at jakarta.servlet.http.HttpServlet.service(HttpServlet.java:564)
	at org.springframework.web.servlet.FrameworkServlet.service(FrameworkServlet.java:885)
	at jakarta.servlet.http.HttpServlet.service(HttpServlet.java:658)
	at org.apache.catalina.core.ApplicationFilterChain.internalDoFilter(ApplicationFilterChain.java:195)
	at org.apache.catalina.core.ApplicationFilterChain.doFilter(ApplicationFilterChain.java:140)
	at org.apache.tomcat.websocket.server.WsFilter.doFilter(WsFilter.java:51)
	at org.apache.catalina.core.ApplicationFilterChain.internalDoFilter(ApplicationFilterChain.java:164)
	at org.apache.catalina.core.ApplicationFilterChain.doFilter(ApplicationFilterChain.java:140)
	at org.springframework.web.filter.RequestContextFilter.doFilterInternal(RequestContextFilter.java:100)
	at org.springframework.web.filter.OncePerRequestFilter.doFilter(OncePerRequestFilter.java:116)
	at org.apache.catalina.core.ApplicationFilterChain.internalDoFilter(ApplicationFilterChain.java:164)
	at org.apache.catalina.core.ApplicationFilterChain.doFilter(ApplicationFilterChain.java:140)
	at org.springframework.web.filter.FormContentFilter.doFilterInternal(FormContentFilter.java:93)
	at org.springframework.web.filter.OncePerRequestFilter.doFilter(OncePerRequestFilter.java:116)
	at org.apache.catalina.core.ApplicationFilterChain.internalDoFilter(ApplicationFilterChain.java:164)
	at org.apache.catalina.core.ApplicationFilterChain.doFilter(ApplicationFilterChain.java:140)
	at org.springframework.web.filter.ServerHttpObservationFilter.doFilterInternal(ServerHttpObservationFilter.java:110)
	at org.springframework.web.filter.OncePerRequestFilter.doFilter(OncePerRequestFilter.java:116)
	at org.apache.catalina.core.ApplicationFilterChain.internalDoFilter(ApplicationFilterChain.java:164)
	at org.apache.catalina.core.ApplicationFilterChain.doFilter(ApplicationFilterChain.java:140)
	at org.springframework.web.filter.CharacterEncodingFilter.doFilterInternal(CharacterEncodingFilter.java:201)
	at org.springframework.web.filter.OncePerRequestFilter.doFilter(OncePerRequestFilter.java:116)
	at org.apache.catalina.core.ApplicationFilterChain.internalDoFilter(ApplicationFilterChain.java:164)
	at org.apache.catalina.core.ApplicationFilterChain.doFilter(ApplicationFilterChain.java:140)
	at org.apache.catalina.core.StandardWrapperValve.invoke(StandardWrapperValve.java:167)
	at org.apache.catalina.core.StandardContextValve.invoke(StandardContextValve.java:90)
	at org.apache.catalina.authenticator.AuthenticatorBase.invoke(AuthenticatorBase.java:483)
	at org.apache.catalina.core.StandardHostValve.invoke(StandardHostValve.java:116)
	at org.apache.catalina.valves.ErrorReportValve.invoke(ErrorReportValve.java:93)
	at org.apache.catalina.core.StandardEngineValve.invoke(StandardEngineValve.java:74)
	at org.apache.catalina.connector.CoyoteAdapter.service(CoyoteAdapter.java:344)
	at org.apache.coyote.http11.Http11Processor.service(Http11Processor.java:398)
	at org.apache.coyote.AbstractProcessorLight.process(AbstractProcessorLight.java:63)
	at org.apache.coyote.AbstractProtocol$ConnectionHandler.process(AbstractProtocol.java:903)
	at org.apache.tomcat.util.net.NioEndpoint$SocketProcessor.doRun(NioEndpoint.java:1769)
	at org.apache.tomcat.util.net.SocketProcessorBase.run(SocketProcessorBase.java:52)
	at org.apache.tomcat.util.threads.ThreadPoolExecutor.runWorker(ThreadPoolExecutor.java:1189)
	at org.apache.tomcat.util.threads.ThreadPoolExecutor$Worker.run(ThreadPoolExecutor.java:658)
	at org.apache.tomcat.util.threads.TaskThread$WrappingRunnable.run(TaskThread.java:63)
	at java.base/java.lang.Thread.run(Thread.java:1583)
2025-10-04 11:32:54 [PROD] - Commencing graceful shutdown. Waiting for active requests to complete
2025-10-04 11:32:54 [PROD] - Graceful shutdown complete
2025-10-04 11:32:54 [PROD] - Closing JPA EntityManagerFactory for persistence unit 'default'
