[INFO] Scanning for projects...
[INFO] 
[INFO] ------------------------< com.saxion.proj:tfms >------------------------
[INFO] Building TFMS Starter Application 1.0.0-dev
[INFO]   from pom.xml
[INFO] --------------------------------[ jar ]---------------------------------
[INFO] 
[INFO] >>> spring-boot:3.5.5:run (default-cli) > test-compile @ tfms >>>
[INFO] 
[INFO] --- jacoco:0.8.11:prepare-agent (default) @ tfms ---
[INFO] argLine set to -javaagent:/home/prithvish/.m2/repository/org/jacoco/org.jacoco.agent/0.8.11/org.jacoco.agent-0.8.11-runtime.jar=destfile=/home/prithvish/Documents/GitHub/02/tfms-starter/target/jacoco.exec
[INFO] 
[INFO] --- frontend:1.13.4:install-node-and-npm (install node and npm) @ tfms ---
[INFO] Skipping execution.
[INFO] 
[INFO] --- frontend:1.13.4:npm (npm install) @ tfms ---
[INFO] Skipping execution.
[INFO] 
[INFO] --- resources:3.3.1:resources (default-resources) @ tfms ---
[INFO] Copying 3 resources from src/main/resources to target/classes
[INFO] Copying 24 resources from src/main/resources to target/classes
[INFO] 
[INFO] --- compiler:3.13.0:compile (default-compile) @ tfms ---
[INFO] Nothing to compile - all classes are up to date.
[INFO] 
[INFO] --- frontend:1.13.4:npm (npm run build) @ tfms ---
[INFO] Skipping execution.
[INFO] 
[INFO] --- resources:3.3.1:copy-resources (copy-react-build) @ tfms ---
[INFO] Skipping the execution.
[INFO] 
[INFO] --- resources:3.3.1:testResources (default-testResources) @ tfms ---
[INFO] skip non existing resourceDirectory /home/prithvish/Documents/GitHub/02/tfms-starter/src/test/resources
[INFO] 
[INFO] --- compiler:3.13.0:testCompile (default-testCompile) @ tfms ---
[INFO] Nothing to compile - all classes are up to date.
[INFO] 
[INFO] <<< spring-boot:3.5.5:run (default-cli) < test-compile @ tfms <<<
[INFO] 
[INFO] 
[INFO] --- spring-boot:3.5.5:run (default-cli) @ tfms ---
[INFO] Attaching agents: []
Listening for transport dt_socket at address: 5005

  .   ____          _            __ _ _
 /\\ / ___'_ __ _ _(_)_ __  __ _ \ \ \ \
( ( )\___ | '_ | '_| | '_ \/ _` | \ \ \ \
 \\/  ___)| |_)| | | | | || (_| |  ) ) ) )
  '  |____| .__|_| |_|_| |_\__, | / / / /
 =========|_|==============|___/=/_/_/_/

 :: Spring Boot ::                (v3.5.5)

2025-11-08 11:56:25.730 [background-preinit] INFO  [] [] org.hibernate.validator.internal.util.Version - HV000001: Hibernate Validator 8.0.3.Final
2025-11-08 11:56:25.795 [main] INFO  [tfms-truck-fleet-management-system] [] com.saxion.proj.tfms.TfmsApplication - Starting TfmsApplication using Java 21.0.8 with PID 219600 (/home/prithvish/Documents/GitHub/02/tfms-starter/target/classes started by prithvish in /home/prithvish/Documents/GitHub/02/tfms-starter)
2025-11-08 11:56:25.811 [main] DEBUG [tfms-truck-fleet-management-system] [] com.saxion.proj.tfms.TfmsApplication - Running with Spring Boot v3.5.5, Spring v6.2.10
2025-11-08 11:56:25.813 [main] INFO  [tfms-truck-fleet-management-system] [] com.saxion.proj.tfms.TfmsApplication - The following 1 profile is active: "dev"
2025-11-08 11:56:27.512 [main] INFO  [tfms-truck-fleet-management-system] [] org.springframework.data.repository.config.RepositoryConfigurationDelegate - Bootstrapping Spring Data JPA repositories in DEFAULT mode.
2025-11-08 11:56:27.639 [main] INFO  [tfms-truck-fleet-management-system] [] org.springframework.data.repository.config.RepositoryConfigurationDelegate - Finished Spring Data repository scanning in 114 ms. Found 11 JPA repository interfaces.
2025-11-08 11:56:28.607 [main] INFO  [tfms-truck-fleet-management-system] [] org.springframework.boot.web.embedded.tomcat.TomcatWebServer - Tomcat initialized with port 8443 (https)
2025-11-08 11:56:28.629 [main] INFO  [tfms-truck-fleet-management-system] [] org.apache.coyote.http11.Http11NioProtocol - Initializing ProtocolHandler ["https-jsse-nio-8443"]
2025-11-08 11:56:28.636 [main] INFO  [tfms-truck-fleet-management-system] [] org.apache.catalina.core.StandardService - Starting service [Tomcat]
2025-11-08 11:56:28.636 [main] INFO  [tfms-truck-fleet-management-system] [] org.apache.catalina.core.StandardEngine - Starting Servlet engine: [Apache Tomcat/10.1.44]
2025-11-08 11:56:28.701 [main] INFO  [tfms-truck-fleet-management-system] [] org.apache.catalina.core.ContainerBase.[Tomcat].[localhost].[/] - Initializing Spring embedded WebApplicationContext
2025-11-08 11:56:28.704 [main] INFO  [tfms-truck-fleet-management-system] [] org.springframework.boot.web.servlet.context.ServletWebServerApplicationContext - Root WebApplicationContext: initialization completed in 2834 ms
2025-11-08 11:56:28.873 [main] INFO  [tfms-truck-fleet-management-system] [] com.saxion.proj.tfms.config.security.RateLimitingFilter - Rate limiting filter initialized with limit: 60 requests per minute
2025-11-08 11:56:28.926 [main] DEBUG [tfms-truck-fleet-management-system] [] com.saxion.proj.tfms.config.security.JwtAuthenticationFilter - Filter 'jwtAuthenticationFilter' configured for use
2025-11-08 11:56:28.928 [main] DEBUG [tfms-truck-fleet-management-system] [] com.saxion.proj.tfms.config.security.RateLimitingFilter - Filter 'rateLimitingFilter' configured for use
2025-11-08 11:56:29.116 [main] INFO  [tfms-truck-fleet-management-system] [] org.hibernate.jpa.internal.util.LogHelper - HHH000204: Processing PersistenceUnitInfo [name: default]
2025-11-08 11:56:29.193 [main] INFO  [tfms-truck-fleet-management-system] [] org.hibernate.Version - HHH000412: Hibernate ORM core version 6.6.26.Final
2025-11-08 11:56:29.243 [main] INFO  [tfms-truck-fleet-management-system] [] org.hibernate.cache.internal.RegionFactoryInitiator - HHH000026: Second-level cache disabled
2025-11-08 11:56:29.689 [main] INFO  [tfms-truck-fleet-management-system] [] org.springframework.orm.jpa.persistenceunit.SpringPersistenceUnitInfo - No LoadTimeWeaver setup: ignoring JPA class transformer
2025-11-08 11:56:29.752 [main] INFO  [tfms-truck-fleet-management-system] [] com.zaxxer.hikari.HikariDataSource - HikariPool-1 - Starting...
2025-11-08 11:56:30.205 [main] INFO  [tfms-truck-fleet-management-system] [] com.zaxxer.hikari.pool.HikariPool - HikariPool-1 - Added connection org.postgresql.jdbc.PgConnection@799206ad
2025-11-08 11:56:30.208 [main] INFO  [tfms-truck-fleet-management-system] [] com.zaxxer.hikari.HikariDataSource - HikariPool-1 - Start completed.
2025-11-08 11:56:30.259 [main] WARN  [tfms-truck-fleet-management-system] [] org.hibernate.orm.deprecation - HHH90000025: PostgreSQLDialect does not need to be specified explicitly using 'hibernate.dialect' (remove the property setting and it will be selected by default)
2025-11-08 11:56:30.292 [main] INFO  [tfms-truck-fleet-management-system] [] org.hibernate.orm.connections.pooling - HHH10001005: Database info:
	Database JDBC URL [Connecting through datasource 'HikariDataSource (HikariPool-1)']
	Database driver: undefined/unknown
	Database version: 16.10
	Autocommit mode: undefined/unknown
	Isolation level: undefined/unknown
	Minimum pool size: undefined/unknown
	Maximum pool size: undefined/unknown
2025-11-08 11:56:32.194 [main] INFO  [tfms-truck-fleet-management-system] [] org.hibernate.engine.transaction.jta.platform.internal.JtaPlatformInitiator - HHH000489: No JTA platform available (set 'hibernate.transaction.jta.platform' to enable JTA platform integration)
2025-11-08 11:56:32.218 [main] DEBUG [tfms-truck-fleet-management-system] [] org.hibernate.SQL - 
    set client_min_messages = WARNING
Hibernate: 
    set client_min_messages = WARNING
2025-11-08 11:56:32.223 [main] DEBUG [tfms-truck-fleet-management-system] [] org.hibernate.SQL - 
    alter table if exists depot 
       drop constraint if exists FKe301iowoaqjm6tyewp59qfwar
Hibernate: 
    alter table if exists depot 
       drop constraint if exists FKe301iowoaqjm6tyewp59qfwar
2025-11-08 11:56:32.227 [main] DEBUG [tfms-truck-fleet-management-system] [] org.hibernate.SQL - 
    alter table if exists driver_truck_assignment 
       drop constraint if exists FKcsuas72gnx4wiys76lfr3frx9
Hibernate: 
    alter table if exists driver_truck_assignment 
       drop constraint if exists FKcsuas72gnx4wiys76lfr3frx9
2025-11-08 11:56:32.230 [main] DEBUG [tfms-truck-fleet-management-system] [] org.hibernate.SQL - 
    alter table if exists driver_truck_assignment 
       drop constraint if exists FKojdwijoc98dbfltpsl4ptifvr
Hibernate: 
    alter table if exists driver_truck_assignment 
       drop constraint if exists FKojdwijoc98dbfltpsl4ptifvr
2025-11-08 11:56:32.234 [main] DEBUG [tfms-truck-fleet-management-system] [] org.hibernate.SQL - 
    alter table if exists drivers 
       drop constraint if exists FKpm96np638t9xhgj0cpbd80so2
Hibernate: 
    alter table if exists drivers 
       drop constraint if exists FKpm96np638t9xhgj0cpbd80so2
2025-11-08 11:56:32.237 [main] DEBUG [tfms-truck-fleet-management-system] [] org.hibernate.SQL - 
    alter table if exists drivers 
       drop constraint if exists FKfscpnjt46gco44xh86l99rxh7
Hibernate: 
    alter table if exists drivers 
       drop constraint if exists FKfscpnjt46gco44xh86l99rxh7
2025-11-08 11:56:32.241 [main] DEBUG [tfms-truck-fleet-management-system] [] org.hibernate.SQL - 
    alter table if exists maintenance_records 
       drop constraint if exists FKfxk5kmlv4sota7yuut3e445ey
Hibernate: 
    alter table if exists maintenance_records 
       drop constraint if exists FKfxk5kmlv4sota7yuut3e445ey
2025-11-08 11:56:32.244 [main] DEBUG [tfms-truck-fleet-management-system] [] org.hibernate.SQL - 
    alter table if exists maintenance_records 
       drop constraint if exists FK44jqd9qs4v5yaok9mnbw7odh6
Hibernate: 
    alter table if exists maintenance_records 
       drop constraint if exists FK44jqd9qs4v5yaok9mnbw7odh6
2025-11-08 11:56:32.248 [main] DEBUG [tfms-truck-fleet-management-system] [] org.hibernate.SQL - 
    alter table if exists maintenance_records 
       drop constraint if exists FK3nnro82drqwl32kixdi26b0eh
Hibernate: 
    alter table if exists maintenance_records 
       drop constraint if exists FK3nnro82drqwl32kixdi26b0eh
2025-11-08 11:56:32.251 [main] DEBUG [tfms-truck-fleet-management-system] [] org.hibernate.SQL - 
    alter table if exists parcel_stop 
       drop constraint if exists FKkvedi2peoy3kemqqstjb4xy4x
Hibernate: 
    alter table if exists parcel_stop 
       drop constraint if exists FKkvedi2peoy3kemqqstjb4xy4x
2025-11-08 11:56:32.254 [main] DEBUG [tfms-truck-fleet-management-system] [] org.hibernate.SQL - 
    alter table if exists parcel_stop 
       drop constraint if exists FKkj3ptd9rut8iej1miysqgvw99
Hibernate: 
    alter table if exists parcel_stop 
       drop constraint if exists FKkj3ptd9rut8iej1miysqgvw99
2025-11-08 11:56:32.257 [main] DEBUG [tfms-truck-fleet-management-system] [] org.hibernate.SQL - 
    alter table if exists parcels 
       drop constraint if exists FKnv2yi0jrhhk8ggr7xs3gvkwts
Hibernate: 
    alter table if exists parcels 
       drop constraint if exists FKnv2yi0jrhhk8ggr7xs3gvkwts
2025-11-08 11:56:32.261 [main] DEBUG [tfms-truck-fleet-management-system] [] org.hibernate.SQL - 
    alter table if exists parcels 
       drop constraint if exists FKgi5727h7aynukv9c4hqt89k58
Hibernate: 
    alter table if exists parcels 
       drop constraint if exists FKgi5727h7aynukv9c4hqt89k58
2025-11-08 11:56:32.264 [main] DEBUG [tfms-truck-fleet-management-system] [] org.hibernate.SQL - 
    alter table if exists parcels 
       drop constraint if exists FK1n63sg4bq9lpaxdsvx4w6cgp5
Hibernate: 
    alter table if exists parcels 
       drop constraint if exists FK1n63sg4bq9lpaxdsvx4w6cgp5
2025-11-08 11:56:32.267 [main] DEBUG [tfms-truck-fleet-management-system] [] org.hibernate.SQL - 
    alter table if exists route_computations 
       drop constraint if exists FK3c01sxk46leij2gki1cnnsi9o
Hibernate: 
    alter table if exists route_computations 
       drop constraint if exists FK3c01sxk46leij2gki1cnnsi9o
2025-11-08 11:56:32.270 [main] DEBUG [tfms-truck-fleet-management-system] [] org.hibernate.SQL - 
    alter table if exists route_stops 
       drop constraint if exists FKp1fka8xfu6pf91algbjueupey
Hibernate: 
    alter table if exists route_stops 
       drop constraint if exists FKp1fka8xfu6pf91algbjueupey
2025-11-08 11:56:32.273 [main] DEBUG [tfms-truck-fleet-management-system] [] org.hibernate.SQL - 
    alter table if exists route_stops 
       drop constraint if exists FK63y33daxb1qs5nbnkuicbpkej
Hibernate: 
    alter table if exists route_stops 
       drop constraint if exists FK63y33daxb1qs5nbnkuicbpkej
2025-11-08 11:56:32.276 [main] DEBUG [tfms-truck-fleet-management-system] [] org.hibernate.SQL - 
    alter table if exists routes 
       drop constraint if exists FK1et1n18fssg80csy4xlp5yeha
Hibernate: 
    alter table if exists routes 
       drop constraint if exists FK1et1n18fssg80csy4xlp5yeha
2025-11-08 11:56:32.279 [main] DEBUG [tfms-truck-fleet-management-system] [] org.hibernate.SQL - 
    alter table if exists routes 
       drop constraint if exists FKop0qr5t6dwfrb9sg8x25o5ivd
Hibernate: 
    alter table if exists routes 
       drop constraint if exists FKop0qr5t6dwfrb9sg8x25o5ivd
2025-11-08 11:56:32.282 [main] DEBUG [tfms-truck-fleet-management-system] [] org.hibernate.SQL - 
    alter table if exists routes 
       drop constraint if exists FKjasq7qb9iqn2ym54o4kfmafac
Hibernate: 
    alter table if exists routes 
       drop constraint if exists FKjasq7qb9iqn2ym54o4kfmafac
2025-11-08 11:56:32.286 [main] DEBUG [tfms-truck-fleet-management-system] [] org.hibernate.SQL - 
    alter table if exists warehouse 
       drop constraint if exists FKm7is2pg5vfxb3iqrhs1741fa
Hibernate: 
    alter table if exists warehouse 
       drop constraint if exists FKm7is2pg5vfxb3iqrhs1741fa
2025-11-08 11:56:32.289 [main] DEBUG [tfms-truck-fleet-management-system] [] org.hibernate.SQL - 
    drop table if exists depot cascade
Hibernate: 
    drop table if exists depot cascade
2025-11-08 11:56:32.294 [main] DEBUG [tfms-truck-fleet-management-system] [] org.hibernate.SQL - 
    drop table if exists driver_truck_assignment cascade
Hibernate: 
    drop table if exists driver_truck_assignment cascade
2025-11-08 11:56:32.299 [main] DEBUG [tfms-truck-fleet-management-system] [] org.hibernate.SQL - 
    drop table if exists drivers cascade
Hibernate: 
    drop table if exists drivers cascade
2025-11-08 11:56:32.302 [main] DEBUG [tfms-truck-fleet-management-system] [] org.hibernate.SQL - 
    drop table if exists locations cascade
Hibernate: 
    drop table if exists locations cascade
2025-11-08 11:56:32.307 [main] DEBUG [tfms-truck-fleet-management-system] [] org.hibernate.SQL - 
    drop table if exists maintenance_records cascade
Hibernate: 
    drop table if exists maintenance_records cascade
2025-11-08 11:56:32.310 [main] DEBUG [tfms-truck-fleet-management-system] [] org.hibernate.SQL - 
    drop table if exists parcel_stop cascade
Hibernate: 
    drop table if exists parcel_stop cascade
2025-11-08 11:56:32.314 [main] DEBUG [tfms-truck-fleet-management-system] [] org.hibernate.SQL - 
    drop table if exists parcels cascade
Hibernate: 
    drop table if exists parcels cascade
2025-11-08 11:56:32.318 [main] DEBUG [tfms-truck-fleet-management-system] [] org.hibernate.SQL - 
    drop table if exists route_computations cascade
Hibernate: 
    drop table if exists route_computations cascade
2025-11-08 11:56:32.322 [main] DEBUG [tfms-truck-fleet-management-system] [] org.hibernate.SQL - 
    drop table if exists route_stops cascade
Hibernate: 
    drop table if exists route_stops cascade
2025-11-08 11:56:32.326 [main] DEBUG [tfms-truck-fleet-management-system] [] org.hibernate.SQL - 
    drop table if exists routes cascade
Hibernate: 
    drop table if exists routes cascade
2025-11-08 11:56:32.330 [main] DEBUG [tfms-truck-fleet-management-system] [] org.hibernate.SQL - 
    drop table if exists trucks cascade
Hibernate: 
    drop table if exists trucks cascade
2025-11-08 11:56:32.335 [main] DEBUG [tfms-truck-fleet-management-system] [] org.hibernate.SQL - 
    drop table if exists users cascade
Hibernate: 
    drop table if exists users cascade
2025-11-08 11:56:32.339 [main] DEBUG [tfms-truck-fleet-management-system] [] org.hibernate.SQL - 
    drop table if exists warehouse cascade
Hibernate: 
    drop table if exists warehouse cascade
2025-11-08 11:56:32.352 [main] DEBUG [tfms-truck-fleet-management-system] [] org.hibernate.SQL - 
    create table depot (
        capacity float(53) not null,
        is_active boolean not null,
        created_at timestamp(6) with time zone,
        id bigint generated by default as identity,
        location_id bigint not null unique,
        updated_at timestamp(6) with time zone,
        name varchar(255) not null,
        primary key (id)
    )
Hibernate: 
    create table depot (
        capacity float(53) not null,
        is_active boolean not null,
        created_at timestamp(6) with time zone,
        id bigint generated by default as identity,
        location_id bigint not null unique,
        updated_at timestamp(6) with time zone,
        name varchar(255) not null,
        primary key (id)
    )
2025-11-08 11:56:32.373 [main] DEBUG [tfms-truck-fleet-management-system] [] org.hibernate.SQL - 
    create table driver_truck_assignment (
        is_active boolean not null,
        created_at timestamp(6) with time zone,
        date_assigned timestamp(6) with time zone not null,
        driver_id bigint,
        id bigint generated by default as identity,
        truck_id bigint,
        updated_at timestamp(6) with time zone,
        "assignment-status" varchar(255) not null check ("assignment-status" in ('PENDING','SCHEDULED','DELIVERED','RETURNED','PLANNED','ASSIGNED','COMPLETED')),
        primary key (id)
    )
Hibernate: 
    create table driver_truck_assignment (
        is_active boolean not null,
        created_at timestamp(6) with time zone,
        date_assigned timestamp(6) with time zone not null,
        driver_id bigint,
        id bigint generated by default as identity,
        truck_id bigint,
        updated_at timestamp(6) with time zone,
        "assignment-status" varchar(255) not null check ("assignment-status" in ('PENDING','SCHEDULED','DELIVERED','RETURNED','PLANNED','ASSIGNED','COMPLETED')),
        primary key (id)
    )
2025-11-08 11:56:32.387 [main] DEBUG [tfms-truck-fleet-management-system] [] org.hibernate.SQL - 
    create table drivers (
        is_active boolean not null,
        is_available boolean not null,
        created_at timestamp(6) with time zone,
        id bigint generated by default as identity,
        location_id bigint,
        updated_at timestamp(6) with time zone,
        user_id bigint not null unique,
        primary key (id)
    )
Hibernate: 
    create table drivers (
        is_active boolean not null,
        is_available boolean not null,
        created_at timestamp(6) with time zone,
        id bigint generated by default as identity,
        location_id bigint,
        updated_at timestamp(6) with time zone,
        user_id bigint not null unique,
        primary key (id)
    )
2025-11-08 11:56:32.408 [main] DEBUG [tfms-truck-fleet-management-system] [] org.hibernate.SQL - 
    create table locations (
        is_active boolean not null,
        latitude float(53) not null,
        longitude float(53) not null,
        created_at timestamp(6) with time zone,
        id bigint generated by default as identity,
        updated_at timestamp(6) with time zone,
        address varchar(255) not null,
        city varchar(255) not null,
        postal_code varchar(255) not null,
        primary key (id)
    )
Hibernate: 
    create table locations (
        is_active boolean not null,
        latitude float(53) not null,
        longitude float(53) not null,
        created_at timestamp(6) with time zone,
        id bigint generated by default as identity,
        updated_at timestamp(6) with time zone,
        address varchar(255) not null,
        city varchar(255) not null,
        postal_code varchar(255) not null,
        primary key (id)
    )
2025-11-08 11:56:32.430 [main] DEBUG [tfms-truck-fleet-management-system] [] org.hibernate.SQL - 
    create table maintenance_records (
        cost float(53),
        is_active boolean not null,
        created_at timestamp(6) with time zone,
        id bigint generated by default as identity,
        service_date timestamp(6) not null,
        serviced_by_user_id bigint not null,
        truck_id bigint not null,
        updated_at timestamp(6) with time zone,
        user_id bigint not null,
        notes TEXT,
        service_type varchar(255) not null,
        primary key (id)
    )
Hibernate: 
    create table maintenance_records (
        cost float(53),
        is_active boolean not null,
        created_at timestamp(6) with time zone,
        id bigint generated by default as identity,
        service_date timestamp(6) not null,
        serviced_by_user_id bigint not null,
        truck_id bigint not null,
        updated_at timestamp(6) with time zone,
        user_id bigint not null,
        notes TEXT,
        service_type varchar(255) not null,
        primary key (id)
    )
2025-11-08 11:56:32.450 [main] DEBUG [tfms-truck-fleet-management-system] [] org.hibernate.SQL - 
    create table parcel_stop (
        is_active boolean not null,
        created_at timestamp(6) with time zone,
        id bigint generated by default as identity,
        parcel_id bigint,
        route_stop_id bigint,
        updated_at timestamp(6) with time zone,
        primary key (id)
    )
Hibernate: 
    create table parcel_stop (
        is_active boolean not null,
        created_at timestamp(6) with time zone,
        id bigint generated by default as identity,
        parcel_id bigint,
        route_stop_id bigint,
        updated_at timestamp(6) with time zone,
        primary key (id)
    )
2025-11-08 11:56:32.463 [main] DEBUG [tfms-truck-fleet-management-system] [] org.hibernate.SQL - 
    create table parcels (
        active boolean not null,
        estimated_travel_time integer,
        volume float(53),
        weight float(53),
        created_at timestamp(6) with time zone,
        delivery_location_id bigint,
        id bigint generated by default as identity,
        planned_delivery_date timestamp(6) with time zone,
        stop_id bigint,
        updated_at timestamp(6) with time zone,
        warehouse_id bigint not null,
        delivery_instructions TEXT,
        name varchar(255) not null,
        recipient_name varchar(255),
        recipient_phone varchar(255) not null,
        status varchar(255) not null check (status in ('PENDING','SCHEDULED','DELIVERED','RETURNED','PLANNED','ASSIGNED','COMPLETED')),
        primary key (id)
    )
Hibernate: 
    create table parcels (
        active boolean not null,
        estimated_travel_time integer,
        volume float(53),
        weight float(53),
        created_at timestamp(6) with time zone,
        delivery_location_id bigint,
        id bigint generated by default as identity,
        planned_delivery_date timestamp(6) with time zone,
        stop_id bigint,
        updated_at timestamp(6) with time zone,
        warehouse_id bigint not null,
        delivery_instructions TEXT,
        name varchar(255) not null,
        recipient_name varchar(255),
        recipient_phone varchar(255) not null,
        status varchar(255) not null check (status in ('PENDING','SCHEDULED','DELIVERED','RETURNED','PLANNED','ASSIGNED','COMPLETED')),
        primary key (id)
    )
2025-11-08 11:56:32.485 [main] DEBUG [tfms-truck-fleet-management-system] [] org.hibernate.SQL - 
    create table route_computations (
        is_active boolean not null,
        success boolean not null,
        total_distance float(53) not null,
        total_duration float(53) not null,
        total_fuel_cost float(53) not null,
        total_stops integer not null,
        computation_end timestamp(6) with time zone,
        computation_start timestamp(6) with time zone,
        created_at timestamp(6) with time zone,
        id bigint generated by default as identity,
        route_id bigint,
        updated_at timestamp(6) with time zone,
        algorithm_parameters TEXT,
        algorithm_type varchar(255) not null check (algorithm_type in ('OR_TOOLS','CVRP','MANUAL','HYBRID')),
        failure_reason varchar(255),
        notes TEXT,
        optimized_route_order TEXT,
        route_geometry TEXT,
        primary key (id)
    )
Hibernate: 
    create table route_computations (
        is_active boolean not null,
        success boolean not null,
        total_distance float(53) not null,
        total_duration float(53) not null,
        total_fuel_cost float(53) not null,
        total_stops integer not null,
        computation_end timestamp(6) with time zone,
        computation_start timestamp(6) with time zone,
        created_at timestamp(6) with time zone,
        id bigint generated by default as identity,
        route_id bigint,
        updated_at timestamp(6) with time zone,
        algorithm_parameters TEXT,
        algorithm_type varchar(255) not null check (algorithm_type in ('OR_TOOLS','CVRP','MANUAL','HYBRID')),
        failure_reason varchar(255),
        notes TEXT,
        optimized_route_order TEXT,
        route_geometry TEXT,
        primary key (id)
    )
2025-11-08 11:56:32.507 [main] DEBUG [tfms-truck-fleet-management-system] [] org.hibernate.SQL - 
    create table route_stops (
        is_active boolean not null,
        priority integer not null,
        created_at timestamp(6) with time zone,
        id bigint generated by default as identity,
        location_id bigint,
        route_id bigint,
        updated_at timestamp(6) with time zone,
        description varchar(255) not null,
        duration varchar(255),
        stop_type varchar(255) not null check (stop_type in ('WAREHOUSE','CUSTOMER','DEPOT')),
        primary key (id)
    )
Hibernate: 
    create table route_stops (
        is_active boolean not null,
        priority integer not null,
        created_at timestamp(6) with time zone,
        id bigint generated by default as identity,
        location_id bigint,
        route_id bigint,
        updated_at timestamp(6) with time zone,
        description varchar(255) not null,
        duration varchar(255),
        stop_type varchar(255) not null check (stop_type in ('WAREHOUSE','CUSTOMER','DEPOT')),
        primary key (id)
    )
2025-11-08 11:56:32.530 [main] DEBUG [tfms-truck-fleet-management-system] [] org.hibernate.SQL - 
    create table routes (
        is_active boolean not null,
        created_at timestamp(6) with time zone,
        depot_id bigint unique,
        driver_id bigint,
        id bigint generated by default as identity,
        schedule_date timestamp(6) with time zone not null,
        start_time timestamp(6) with time zone not null,
        total_distance bigint not null,
        total_transport_time bigint not null,
        truck_id bigint,
        updated_at timestamp(6) with time zone,
        duration varchar(255) not null,
        note varchar(255) not null,
        status varchar(255) not null check (status in ('PENDING','SCHEDULED','DELIVERED','RETURNED','PLANNED','ASSIGNED','COMPLETED')),
        primary key (id)
    )
Hibernate: 
    create table routes (
        is_active boolean not null,
        created_at timestamp(6) with time zone,
        depot_id bigint unique,
        driver_id bigint,
        id bigint generated by default as identity,
        schedule_date timestamp(6) with time zone not null,
        start_time timestamp(6) with time zone not null,
        total_distance bigint not null,
        total_transport_time bigint not null,
        truck_id bigint,
        updated_at timestamp(6) with time zone,
        duration varchar(255) not null,
        note varchar(255) not null,
        status varchar(255) not null check (status in ('PENDING','SCHEDULED','DELIVERED','RETURNED','PLANNED','ASSIGNED','COMPLETED')),
        primary key (id)
    )
2025-11-08 11:56:32.559 [main] DEBUG [tfms-truck-fleet-management-system] [] org.hibernate.SQL - 
    create table trucks (
        is_active boolean not null,
        is_available boolean not null,
        last_service_date date,
        volume float(53),
        created_at timestamp(6) with time zone,
        id bigint generated by default as identity,
        updated_at timestamp(6) with time zone,
        last_serviced_by varchar(255),
        make varchar(255) not null,
        plate_number varchar(255) not null,
        truck_type varchar(255) not null check (truck_type in ('SMALL','MEDIUM','LARGE','ELECTRIC','REFRIGERATED')),
        primary key (id)
    )
Hibernate: 
    create table trucks (
        is_active boolean not null,
        is_available boolean not null,
        last_service_date date,
        volume float(53),
        created_at timestamp(6) with time zone,
        id bigint generated by default as identity,
        updated_at timestamp(6) with time zone,
        last_serviced_by varchar(255),
        make varchar(255) not null,
        plate_number varchar(255) not null,
        truck_type varchar(255) not null check (truck_type in ('SMALL','MEDIUM','LARGE','ELECTRIC','REFRIGERATED')),
        primary key (id)
    )
2025-11-08 11:56:32.581 [main] DEBUG [tfms-truck-fleet-management-system] [] org.hibernate.SQL - 
    create table users (
        active boolean not null,
        created_at timestamp(6) with time zone,
        id bigint generated by default as identity,
        updated_at timestamp(6) with time zone,
        api_key varchar(255) unique,
        email varchar(255) not null unique,
        password varchar(255) not null,
        user_type varchar(255) not null check (user_type in ('ADMIN','DRIVER','PLANNER','GLOBAL_API')),
        username varchar(255) not null unique,
        primary key (id)
    )
Hibernate: 
    create table users (
        active boolean not null,
        created_at timestamp(6) with time zone,
        id bigint generated by default as identity,
        updated_at timestamp(6) with time zone,
        api_key varchar(255) unique,
        email varchar(255) not null unique,
        password varchar(255) not null,
        user_type varchar(255) not null check (user_type in ('ADMIN','DRIVER','PLANNER','GLOBAL_API')),
        username varchar(255) not null unique,
        primary key (id)
    )
2025-11-08 11:56:32.627 [main] DEBUG [tfms-truck-fleet-management-system] [] org.hibernate.SQL - 
    create table warehouse (
        active boolean not null,
        created_at timestamp(6) with time zone,
        id bigint generated by default as identity,
        location_id bigint not null unique,
        updated_at timestamp(6) with time zone,
        name varchar(255),
        primary key (id)
    )
Hibernate: 
    create table warehouse (
        active boolean not null,
        created_at timestamp(6) with time zone,
        id bigint generated by default as identity,
        location_id bigint not null unique,
        updated_at timestamp(6) with time zone,
        name varchar(255),
        primary key (id)
    )
2025-11-08 11:56:32.648 [main] DEBUG [tfms-truck-fleet-management-system] [] org.hibernate.SQL - 
    alter table if exists depot 
       add constraint FKe301iowoaqjm6tyewp59qfwar 
       foreign key (location_id) 
       references locations
Hibernate: 
    alter table if exists depot 
       add constraint FKe301iowoaqjm6tyewp59qfwar 
       foreign key (location_id) 
       references locations
2025-11-08 11:56:32.653 [main] DEBUG [tfms-truck-fleet-management-system] [] org.hibernate.SQL - 
    alter table if exists driver_truck_assignment 
       add constraint FKcsuas72gnx4wiys76lfr3frx9 
       foreign key (driver_id) 
       references drivers
Hibernate: 
    alter table if exists driver_truck_assignment 
       add constraint FKcsuas72gnx4wiys76lfr3frx9 
       foreign key (driver_id) 
       references drivers
2025-11-08 11:56:32.659 [main] DEBUG [tfms-truck-fleet-management-system] [] org.hibernate.SQL - 
    alter table if exists driver_truck_assignment 
       add constraint FKojdwijoc98dbfltpsl4ptifvr 
       foreign key (truck_id) 
       references trucks
Hibernate: 
    alter table if exists driver_truck_assignment 
       add constraint FKojdwijoc98dbfltpsl4ptifvr 
       foreign key (truck_id) 
       references trucks
2025-11-08 11:56:32.664 [main] DEBUG [tfms-truck-fleet-management-system] [] org.hibernate.SQL - 
    alter table if exists drivers 
       add constraint FKpm96np638t9xhgj0cpbd80so2 
       foreign key (location_id) 
       references locations
Hibernate: 
    alter table if exists drivers 
       add constraint FKpm96np638t9xhgj0cpbd80so2 
       foreign key (location_id) 
       references locations
2025-11-08 11:56:32.668 [main] DEBUG [tfms-truck-fleet-management-system] [] org.hibernate.SQL - 
    alter table if exists drivers 
       add constraint FKfscpnjt46gco44xh86l99rxh7 
       foreign key (user_id) 
       references users
Hibernate: 
    alter table if exists drivers 
       add constraint FKfscpnjt46gco44xh86l99rxh7 
       foreign key (user_id) 
       references users
2025-11-08 11:56:32.673 [main] DEBUG [tfms-truck-fleet-management-system] [] org.hibernate.SQL - 
    alter table if exists maintenance_records 
       add constraint FKfxk5kmlv4sota7yuut3e445ey 
       foreign key (serviced_by_user_id) 
       references users
Hibernate: 
    alter table if exists maintenance_records 
       add constraint FKfxk5kmlv4sota7yuut3e445ey 
       foreign key (serviced_by_user_id) 
       references users
2025-11-08 11:56:32.677 [main] DEBUG [tfms-truck-fleet-management-system] [] org.hibernate.SQL - 
    alter table if exists maintenance_records 
       add constraint FK44jqd9qs4v5yaok9mnbw7odh6 
       foreign key (truck_id) 
       references trucks
Hibernate: 
    alter table if exists maintenance_records 
       add constraint FK44jqd9qs4v5yaok9mnbw7odh6 
       foreign key (truck_id) 
       references trucks
2025-11-08 11:56:32.682 [main] DEBUG [tfms-truck-fleet-management-system] [] org.hibernate.SQL - 
    alter table if exists maintenance_records 
       add constraint FK3nnro82drqwl32kixdi26b0eh 
       foreign key (user_id) 
       references users
Hibernate: 
    alter table if exists maintenance_records 
       add constraint FK3nnro82drqwl32kixdi26b0eh 
       foreign key (user_id) 
       references users
2025-11-08 11:56:32.686 [main] DEBUG [tfms-truck-fleet-management-system] [] org.hibernate.SQL - 
    alter table if exists parcel_stop 
       add constraint FKkvedi2peoy3kemqqstjb4xy4x 
       foreign key (parcel_id) 
       references parcels
Hibernate: 
    alter table if exists parcel_stop 
       add constraint FKkvedi2peoy3kemqqstjb4xy4x 
       foreign key (parcel_id) 
       references parcels
2025-11-08 11:56:32.691 [main] DEBUG [tfms-truck-fleet-management-system] [] org.hibernate.SQL - 
    alter table if exists parcel_stop 
       add constraint FKkj3ptd9rut8iej1miysqgvw99 
       foreign key (route_stop_id) 
       references route_stops
Hibernate: 
    alter table if exists parcel_stop 
       add constraint FKkj3ptd9rut8iej1miysqgvw99 
       foreign key (route_stop_id) 
       references route_stops
2025-11-08 11:56:32.696 [main] DEBUG [tfms-truck-fleet-management-system] [] org.hibernate.SQL - 
    alter table if exists parcels 
       add constraint FKnv2yi0jrhhk8ggr7xs3gvkwts 
       foreign key (delivery_location_id) 
       references locations
Hibernate: 
    alter table if exists parcels 
       add constraint FKnv2yi0jrhhk8ggr7xs3gvkwts 
       foreign key (delivery_location_id) 
       references locations
2025-11-08 11:56:32.700 [main] DEBUG [tfms-truck-fleet-management-system] [] org.hibernate.SQL - 
    alter table if exists parcels 
       add constraint FKgi5727h7aynukv9c4hqt89k58 
       foreign key (stop_id) 
       references route_stops
Hibernate: 
    alter table if exists parcels 
       add constraint FKgi5727h7aynukv9c4hqt89k58 
       foreign key (stop_id) 
       references route_stops
2025-11-08 11:56:32.705 [main] DEBUG [tfms-truck-fleet-management-system] [] org.hibernate.SQL - 
    alter table if exists parcels 
       add constraint FK1n63sg4bq9lpaxdsvx4w6cgp5 
       foreign key (warehouse_id) 
       references warehouse
Hibernate: 
    alter table if exists parcels 
       add constraint FK1n63sg4bq9lpaxdsvx4w6cgp5 
       foreign key (warehouse_id) 
       references warehouse
2025-11-08 11:56:32.710 [main] DEBUG [tfms-truck-fleet-management-system] [] org.hibernate.SQL - 
    alter table if exists route_computations 
       add constraint FK3c01sxk46leij2gki1cnnsi9o 
       foreign key (route_id) 
       references routes
Hibernate: 
    alter table if exists route_computations 
       add constraint FK3c01sxk46leij2gki1cnnsi9o 
       foreign key (route_id) 
       references routes
2025-11-08 11:56:32.715 [main] DEBUG [tfms-truck-fleet-management-system] [] org.hibernate.SQL - 
    alter table if exists route_stops 
       add constraint FKp1fka8xfu6pf91algbjueupey 
       foreign key (location_id) 
       references locations
Hibernate: 
    alter table if exists route_stops 
       add constraint FKp1fka8xfu6pf91algbjueupey 
       foreign key (location_id) 
       references locations
2025-11-08 11:56:32.719 [main] DEBUG [tfms-truck-fleet-management-system] [] org.hibernate.SQL - 
    alter table if exists route_stops 
       add constraint FK63y33daxb1qs5nbnkuicbpkej 
       foreign key (route_id) 
       references routes
Hibernate: 
    alter table if exists route_stops 
       add constraint FK63y33daxb1qs5nbnkuicbpkej 
       foreign key (route_id) 
       references routes
2025-11-08 11:56:32.724 [main] DEBUG [tfms-truck-fleet-management-system] [] org.hibernate.SQL - 
    alter table if exists routes 
       add constraint FK1et1n18fssg80csy4xlp5yeha 
       foreign key (depot_id) 
       references depot
Hibernate: 
    alter table if exists routes 
       add constraint FK1et1n18fssg80csy4xlp5yeha 
       foreign key (depot_id) 
       references depot
2025-11-08 11:56:32.728 [main] DEBUG [tfms-truck-fleet-management-system] [] org.hibernate.SQL - 
    alter table if exists routes 
       add constraint FKop0qr5t6dwfrb9sg8x25o5ivd 
       foreign key (driver_id) 
       references drivers
Hibernate: 
    alter table if exists routes 
       add constraint FKop0qr5t6dwfrb9sg8x25o5ivd 
       foreign key (driver_id) 
       references drivers
2025-11-08 11:56:32.732 [main] DEBUG [tfms-truck-fleet-management-system] [] org.hibernate.SQL - 
    alter table if exists routes 
       add constraint FKjasq7qb9iqn2ym54o4kfmafac 
       foreign key (truck_id) 
       references trucks
Hibernate: 
    alter table if exists routes 
       add constraint FKjasq7qb9iqn2ym54o4kfmafac 
       foreign key (truck_id) 
       references trucks
2025-11-08 11:56:32.736 [main] DEBUG [tfms-truck-fleet-management-system] [] org.hibernate.SQL - 
    alter table if exists warehouse 
       add constraint FKm7is2pg5vfxb3iqrhs1741fa 
       foreign key (location_id) 
       references locations
Hibernate: 
    alter table if exists warehouse 
       add constraint FKm7is2pg5vfxb3iqrhs1741fa 
       foreign key (location_id) 
       references locations
2025-11-08 11:56:32.746 [main] INFO  [tfms-truck-fleet-management-system] [] org.springframework.orm.jpa.LocalContainerEntityManagerFactoryBean - Initialized JPA EntityManagerFactory for persistence unit 'default'
2025-11-08 11:56:33.222 [main] INFO  [tfms-truck-fleet-management-system] [] org.springframework.data.jpa.repository.query.QueryEnhancerFactory - Hibernate is in classpath; If applicable, HQL parser will be used.
ðŸ“ Logging configured - Service: tfms-truck-fleet-management-system, Environment: dev
2025-11-08 11:56:36.283 [main] INFO  [tfms-truck-fleet-management-system] [] org.springframework.boot.actuate.endpoint.web.EndpointLinksResolver - Exposing 3 endpoints beneath base path '/actuator'
2025-11-08 11:56:36.380 [main] INFO  [tfms-truck-fleet-management-system] [] org.springframework.boot.autoconfigure.web.servlet.WelcomePageHandlerMapping - Adding welcome page: class path resource [static/index.html]
2025-11-08 11:56:36.650 [main] WARN  [tfms-truck-fleet-management-system] [] org.springframework.boot.autoconfigure.security.servlet.UserDetailsServiceAutoConfiguration - 

Using generated security password: d293c0d2-63f1-42cb-946a-882134c909d7

This generated password is for development use only. Your security configuration must be updated before running your application in production.

2025-11-08 11:56:36.662 [main] INFO  [tfms-truck-fleet-management-system] [] org.springframework.security.config.annotation.authentication.configuration.InitializeUserDetailsBeanManagerConfigurer$InitializeUserDetailsManagerConfigurer - Global AuthenticationManager configured with UserDetailsService bean with name inMemoryUserDetailsManager
2025-11-08 11:56:37.342 [main] INFO  [tfms-truck-fleet-management-system] [] org.apache.coyote.http11.Http11NioProtocol - Starting ProtocolHandler ["https-jsse-nio-8443"]
2025-11-08 11:56:37.618 [main] INFO  [tfms-truck-fleet-management-system] [] org.apache.tomcat.util.net.NioEndpoint.certificate - Connector [https-jsse-nio-8443], TLS virtual host [_default_], certificate type [UNDEFINED] configured from keystore [/home/prithvish/.keystore] using alias [tfms-dev] with trust store [null]
2025-11-08 11:56:37.634 [main] INFO  [tfms-truck-fleet-management-system] [] org.springframework.boot.web.embedded.tomcat.TomcatWebServer - Tomcat started on port 8443 (https) with context path '/'
2025-11-08 11:56:37.658 [main] INFO  [tfms-truck-fleet-management-system] [] com.saxion.proj.tfms.TfmsApplication - Started TfmsApplication in 12.52 seconds (process running for 13.3)
2025-11-08 11:56:37.802 [https-jsse-nio-8443-exec-5] INFO  [] [] org.apache.catalina.core.ContainerBase.[Tomcat].[localhost].[/] - Initializing Spring DispatcherServlet 'dispatcherServlet'
2025-11-08 11:56:37.803 [https-jsse-nio-8443-exec-5] INFO  [] [] org.springframework.web.servlet.DispatcherServlet - Initializing Servlet 'dispatcherServlet'
2025-11-08 11:56:37.807 [https-jsse-nio-8443-exec-5] INFO  [] [] org.springframework.web.servlet.DispatcherServlet - Completed initialization in 3 ms
2025-11-08 11:56:37.871 [https-jsse-nio-8443-exec-5] DEBUG [] [] com.saxion.proj.tfms.config.security.RateLimitingFilter - Rate limit check: IP=0:0:0:0:0:0:0:1, Count=1, Limit=60
2025-11-08 11:56:37.896 [main] DEBUG [tfms-truck-fleet-management-system] [] org.hibernate.SQL - 
    select
        ud1_0.id 
    from
        users ud1_0 
    where
        ud1_0.email=? 
    fetch
        first ? rows only
Hibernate: 
    select
        ud1_0.id 
    from
        users ud1_0 
    where
        ud1_0.email=? 
    fetch
        first ? rows only
2025-11-08 11:56:38.180 [main] DEBUG [tfms-truck-fleet-management-system] [] org.hibernate.SQL - 
    insert 
    into
        users
        (active, api_key, created_at, email, password, updated_at, user_type, username) 
    values
        (?, ?, ?, ?, ?, ?, ?, ?)
Hibernate: 
    insert 
    into
        users
        (active, api_key, created_at, email, password, updated_at, user_type, username) 
    values
        (?, ?, ?, ?, ?, ?, ?, ?)
Default user created: admin@tfms.com (ADMIN)
2025-11-08 11:56:38.212 [main] DEBUG [tfms-truck-fleet-management-system] [] org.hibernate.SQL - 
    select
        ud1_0.id 
    from
        users ud1_0 
    where
        ud1_0.email=? 
    fetch
        first ? rows only
Hibernate: 
    select
        ud1_0.id 
    from
        users ud1_0 
    where
        ud1_0.email=? 
    fetch
        first ? rows only
2025-11-08 11:56:38.396 [main] DEBUG [tfms-truck-fleet-management-system] [] org.hibernate.SQL - 
    insert 
    into
        users
        (active, api_key, created_at, email, password, updated_at, user_type, username) 
    values
        (?, ?, ?, ?, ?, ?, ?, ?)
Hibernate: 
    insert 
    into
        users
        (active, api_key, created_at, email, password, updated_at, user_type, username) 
    values
        (?, ?, ?, ?, ?, ?, ?, ?)
Default user created: driver@tfms.com (DRIVER)
2025-11-08 11:56:38.401 [main] DEBUG [tfms-truck-fleet-management-system] [] org.hibernate.SQL - 
    select
        ud1_0.id 
    from
        users ud1_0 
    where
        ud1_0.email=? 
    fetch
        first ? rows only
Hibernate: 
    select
        ud1_0.id 
    from
        users ud1_0 
    where
        ud1_0.email=? 
    fetch
        first ? rows only
2025-11-08 11:56:38.583 [main] DEBUG [tfms-truck-fleet-management-system] [] org.hibernate.SQL - 
    insert 
    into
        users
        (active, api_key, created_at, email, password, updated_at, user_type, username) 
    values
        (?, ?, ?, ?, ?, ?, ?, ?)
Hibernate: 
    insert 
    into
        users
        (active, api_key, created_at, email, password, updated_at, user_type, username) 
    values
        (?, ?, ?, ?, ?, ?, ?, ?)
Default user created: driver2@tfms.com (DRIVER)
2025-11-08 11:56:38.588 [main] DEBUG [tfms-truck-fleet-management-system] [] org.hibernate.SQL - 
    select
        ud1_0.id 
    from
        users ud1_0 
    where
        ud1_0.email=? 
    fetch
        first ? rows only
Hibernate: 
    select
        ud1_0.id 
    from
        users ud1_0 
    where
        ud1_0.email=? 
    fetch
        first ? rows only
2025-11-08 11:56:38.771 [main] DEBUG [tfms-truck-fleet-management-system] [] org.hibernate.SQL - 
    insert 
    into
        users
        (active, api_key, created_at, email, password, updated_at, user_type, username) 
    values
        (?, ?, ?, ?, ?, ?, ?, ?)
Hibernate: 
    insert 
    into
        users
        (active, api_key, created_at, email, password, updated_at, user_type, username) 
    values
        (?, ?, ?, ?, ?, ?, ?, ?)
Default user created: driver3@tfms.com (DRIVER)
2025-11-08 11:56:38.776 [main] DEBUG [tfms-truck-fleet-management-system] [] org.hibernate.SQL - 
    select
        ud1_0.id 
    from
        users ud1_0 
    where
        ud1_0.email=? 
    fetch
        first ? rows only
Hibernate: 
    select
        ud1_0.id 
    from
        users ud1_0 
    where
        ud1_0.email=? 
    fetch
        first ? rows only
2025-11-08 11:56:38.953 [main] DEBUG [tfms-truck-fleet-management-system] [] org.hibernate.SQL - 
    insert 
    into
        users
        (active, api_key, created_at, email, password, updated_at, user_type, username) 
    values
        (?, ?, ?, ?, ?, ?, ?, ?)
Hibernate: 
    insert 
    into
        users
        (active, api_key, created_at, email, password, updated_at, user_type, username) 
    values
        (?, ?, ?, ?, ?, ?, ?, ?)
Default user created: planner@tfms.com (PLANNER)
2025-11-08 11:56:38.959 [main] DEBUG [tfms-truck-fleet-management-system] [] org.hibernate.SQL - 
    select
        ud1_0.id 
    from
        users ud1_0 
    where
        ud1_0.email=? 
    fetch
        first ? rows only
Hibernate: 
    select
        ud1_0.id 
    from
        users ud1_0 
    where
        ud1_0.email=? 
    fetch
        first ? rows only
2025-11-08 11:56:39.136 [main] DEBUG [tfms-truck-fleet-management-system] [] org.hibernate.SQL - 
    insert 
    into
        users
        (active, api_key, created_at, email, password, updated_at, user_type, username) 
    values
        (?, ?, ?, ?, ?, ?, ?, ?)
Hibernate: 
    insert 
    into
        users
        (active, api_key, created_at, email, password, updated_at, user_type, username) 
    values
        (?, ?, ?, ?, ?, ?, ?, ?)
Default user created: test@example.com (DRIVER)
2025-11-08 11:56:39.142 [main] DEBUG [tfms-truck-fleet-management-system] [] org.hibernate.SQL - 
    select
        ld1_0.id 
    from
        locations ld1_0 
    where
        ld1_0.postal_code=? 
    fetch
        first ? rows only
Hibernate: 
    select
        ld1_0.id 
    from
        locations ld1_0 
    where
        ld1_0.postal_code=? 
    fetch
        first ? rows only
2025-11-08 11:56:39.156 [main] DEBUG [tfms-truck-fleet-management-system] [] org.hibernate.SQL - 
    insert 
    into
        locations
        (address, city, created_at, is_active, latitude, longitude, postal_code, updated_at) 
    values
        (?, ?, ?, ?, ?, ?, ?, ?)
Hibernate: 
    insert 
    into
        locations
        (address, city, created_at, is_active, latitude, longitude, postal_code, updated_at) 
    values
        (?, ?, ?, ?, ?, ?, ?, ?)
Default depot created: Main Depot (LocationDao(id=1, latitude=10.0, longitude=20.0, address=Netherlands, city=Deventer, postalCode=11111, drivers=[], deliveryParcels=[], routeStops=[]))
2025-11-08 11:56:39.172 [main] DEBUG [tfms-truck-fleet-management-system] [] org.hibernate.SQL - 
    select
        dd1_0.id 
    from
        depot dd1_0 
    where
        dd1_0.name=? 
    fetch
        first ? rows only
Hibernate: 
    select
        dd1_0.id 
    from
        depot dd1_0 
    where
        dd1_0.name=? 
    fetch
        first ? rows only
2025-11-08 11:56:39.175 [main] DEBUG [tfms-truck-fleet-management-system] [] org.hibernate.SQL - 
    insert 
    into
        depot
        (capacity, created_at, is_active, location_id, name, updated_at) 
    values
        (?, ?, ?, ?, ?, ?)
Hibernate: 
    insert 
    into
        depot
        (capacity, created_at, is_active, location_id, name, updated_at) 
    values
        (?, ?, ?, ?, ?, ?)
Default depot created: Main Depot (LocationDao(id=1, latitude=10.0, longitude=20.0, address=Netherlands, city=Deventer, postalCode=11111, drivers=[], deliveryParcels=[], routeStops=[]))
2025-11-08 11:56:39.187 [main] DEBUG [tfms-truck-fleet-management-system] [] org.hibernate.SQL - 
    select
        ld1_0.id,
        ld1_0.address,
        ld1_0.city,
        ld1_0.created_at,
        ld1_0.is_active,
        ld1_0.latitude,
        ld1_0.longitude,
        ld1_0.postal_code,
        ld1_0.updated_at 
    from
        locations ld1_0 
    where
        ld1_0.postal_code=?
Hibernate: 
    select
        ld1_0.id,
        ld1_0.address,
        ld1_0.city,
        ld1_0.created_at,
        ld1_0.is_active,
        ld1_0.latitude,
        ld1_0.longitude,
        ld1_0.postal_code,
        ld1_0.updated_at 
    from
        locations ld1_0 
    where
        ld1_0.postal_code=?
2025-11-08 11:56:39.202 [main] DEBUG [tfms-truck-fleet-management-system] [] org.hibernate.SQL - 
    insert 
    into
        locations
        (address, city, created_at, is_active, latitude, longitude, postal_code, updated_at) 
    values
        (?, ?, ?, ?, ?, ?, ?, ?)
Hibernate: 
    insert 
    into
        locations
        (address, city, created_at, is_active, latitude, longitude, postal_code, updated_at) 
    values
        (?, ?, ?, ?, ?, ?, ?, ?)
2025-11-08 11:56:39.207 [main] DEBUG [tfms-truck-fleet-management-system] [] org.hibernate.SQL - 
    select
        whd1_0.id,
        whd1_0.active,
        whd1_0.created_at,
        whd1_0.location_id,
        whd1_0.name,
        whd1_0.updated_at 
    from
        warehouse whd1_0 
    where
        whd1_0.name=?
Hibernate: 
    select
        whd1_0.id,
        whd1_0.active,
        whd1_0.created_at,
        whd1_0.location_id,
        whd1_0.name,
        whd1_0.updated_at 
    from
        warehouse whd1_0 
    where
        whd1_0.name=?
2025-11-08 11:56:39.212 [main] DEBUG [tfms-truck-fleet-management-system] [] org.hibernate.SQL - 
    insert 
    into
        warehouse
        (active, created_at, location_id, name, updated_at) 
    values
        (?, ?, ?, ?, ?)
Hibernate: 
    insert 
    into
        warehouse
        (active, created_at, location_id, name, updated_at) 
    values
        (?, ?, ?, ?, ?)
2025-11-08 11:56:39.217 [main] DEBUG [tfms-truck-fleet-management-system] [] org.hibernate.SQL - 
    select
        ld1_0.id,
        ld1_0.address,
        ld1_0.city,
        ld1_0.created_at,
        ld1_0.is_active,
        ld1_0.latitude,
        ld1_0.longitude,
        ld1_0.postal_code,
        ld1_0.updated_at 
    from
        locations ld1_0 
    where
        ld1_0.postal_code=?
Hibernate: 
    select
        ld1_0.id,
        ld1_0.address,
        ld1_0.city,
        ld1_0.created_at,
        ld1_0.is_active,
        ld1_0.latitude,
        ld1_0.longitude,
        ld1_0.postal_code,
        ld1_0.updated_at 
    from
        locations ld1_0 
    where
        ld1_0.postal_code=?
2025-11-08 11:56:39.219 [main] DEBUG [tfms-truck-fleet-management-system] [] org.hibernate.SQL - 
    insert 
    into
        locations
        (address, city, created_at, is_active, latitude, longitude, postal_code, updated_at) 
    values
        (?, ?, ?, ?, ?, ?, ?, ?)
Hibernate: 
    insert 
    into
        locations
        (address, city, created_at, is_active, latitude, longitude, postal_code, updated_at) 
    values
        (?, ?, ?, ?, ?, ?, ?, ?)
2025-11-08 11:56:39.227 [main] DEBUG [tfms-truck-fleet-management-system] [] org.hibernate.SQL - 
    select
        pd1_0.id 
    from
        parcels pd1_0 
    where
        pd1_0.name=? 
    fetch
        first ? rows only
Hibernate: 
    select
        pd1_0.id 
    from
        parcels pd1_0 
    where
        pd1_0.name=? 
    fetch
        first ? rows only
2025-11-08 11:56:39.230 [main] DEBUG [tfms-truck-fleet-management-system] [] org.hibernate.SQL - 
    insert 
    into
        parcels
        (active, created_at, delivery_instructions, delivery_location_id, estimated_travel_time, name, planned_delivery_date, recipient_name, recipient_phone, status, stop_id, updated_at, volume, warehouse_id, weight) 
    values
        (?, ?, ?, ?, ?, ?, ?, ?, ?, ?, ?, ?, ?, ?, ?)
Hibernate: 
    insert 
    into
        parcels
        (active, created_at, delivery_instructions, delivery_location_id, estimated_travel_time, name, planned_delivery_date, recipient_name, recipient_phone, status, stop_id, updated_at, volume, warehouse_id, weight) 
    values
        (?, ?, ?, ?, ?, ?, ?, ?, ?, ?, ?, ?, ?, ?, ?)
2025-11-08 11:56:39.237 [main] DEBUG [tfms-truck-fleet-management-system] [] org.hibernate.SQL - 
    select
        ld1_0.id,
        ld1_0.address,
        ld1_0.city,
        ld1_0.created_at,
        ld1_0.is_active,
        ld1_0.latitude,
        ld1_0.longitude,
        ld1_0.postal_code,
        ld1_0.updated_at 
    from
        locations ld1_0 
    where
        ld1_0.postal_code=?
Hibernate: 
    select
        ld1_0.id,
        ld1_0.address,
        ld1_0.city,
        ld1_0.created_at,
        ld1_0.is_active,
        ld1_0.latitude,
        ld1_0.longitude,
        ld1_0.postal_code,
        ld1_0.updated_at 
    from
        locations ld1_0 
    where
        ld1_0.postal_code=?
2025-11-08 11:56:39.243 [main] DEBUG [tfms-truck-fleet-management-system] [] org.hibernate.SQL - 
    select
        whd1_0.id,
        whd1_0.active,
        whd1_0.created_at,
        whd1_0.location_id,
        whd1_0.name,
        whd1_0.updated_at 
    from
        warehouse whd1_0 
    where
        whd1_0.name=?
Hibernate: 
    select
        whd1_0.id,
        whd1_0.active,
        whd1_0.created_at,
        whd1_0.location_id,
        whd1_0.name,
        whd1_0.updated_at 
    from
        warehouse whd1_0 
    where
        whd1_0.name=?
2025-11-08 11:56:39.246 [main] DEBUG [tfms-truck-fleet-management-system] [] org.hibernate.SQL - 
    select
        ld1_0.id,
        ld1_0.address,
        ld1_0.city,
        ld1_0.created_at,
        ld1_0.is_active,
        ld1_0.latitude,
        ld1_0.longitude,
        ld1_0.postal_code,
        ld1_0.updated_at 
    from
        locations ld1_0 
    where
        ld1_0.postal_code=?
Hibernate: 
    select
        ld1_0.id,
        ld1_0.address,
        ld1_0.city,
        ld1_0.created_at,
        ld1_0.is_active,
        ld1_0.latitude,
        ld1_0.longitude,
        ld1_0.postal_code,
        ld1_0.updated_at 
    from
        locations ld1_0 
    where
        ld1_0.postal_code=?
2025-11-08 11:56:39.250 [main] DEBUG [tfms-truck-fleet-management-system] [] org.hibernate.SQL - 
    select
        pd1_0.id 
    from
        parcels pd1_0 
    where
        pd1_0.name=? 
    fetch
        first ? rows only
Hibernate: 
    select
        pd1_0.id 
    from
        parcels pd1_0 
    where
        pd1_0.name=? 
    fetch
        first ? rows only
2025-11-08 11:56:39.252 [main] DEBUG [tfms-truck-fleet-management-system] [] org.hibernate.SQL - 
    insert 
    into
        parcels
        (active, created_at, delivery_instructions, delivery_location_id, estimated_travel_time, name, planned_delivery_date, recipient_name, recipient_phone, status, stop_id, updated_at, volume, warehouse_id, weight) 
    values
        (?, ?, ?, ?, ?, ?, ?, ?, ?, ?, ?, ?, ?, ?, ?)
Hibernate: 
    insert 
    into
        parcels
        (active, created_at, delivery_instructions, delivery_location_id, estimated_travel_time, name, planned_delivery_date, recipient_name, recipient_phone, status, stop_id, updated_at, volume, warehouse_id, weight) 
    values
        (?, ?, ?, ?, ?, ?, ?, ?, ?, ?, ?, ?, ?, ?, ?)
2025-11-08 11:56:39.257 [main] DEBUG [tfms-truck-fleet-management-system] [] org.hibernate.SQL - 
    select
        ld1_0.id,
        ld1_0.address,
        ld1_0.city,
        ld1_0.created_at,
        ld1_0.is_active,
        ld1_0.latitude,
        ld1_0.longitude,
        ld1_0.postal_code,
        ld1_0.updated_at 
    from
        locations ld1_0 
    where
        ld1_0.postal_code=?
Hibernate: 
    select
        ld1_0.id,
        ld1_0.address,
        ld1_0.city,
        ld1_0.created_at,
        ld1_0.is_active,
        ld1_0.latitude,
        ld1_0.longitude,
        ld1_0.postal_code,
        ld1_0.updated_at 
    from
        locations ld1_0 
    where
        ld1_0.postal_code=?
2025-11-08 11:56:39.261 [main] DEBUG [tfms-truck-fleet-management-system] [] org.hibernate.SQL - 
    select
        whd1_0.id,
        whd1_0.active,
        whd1_0.created_at,
        whd1_0.location_id,
        whd1_0.name,
        whd1_0.updated_at 
    from
        warehouse whd1_0 
    where
        whd1_0.name=?
Hibernate: 
    select
        whd1_0.id,
        whd1_0.active,
        whd1_0.created_at,
        whd1_0.location_id,
        whd1_0.name,
        whd1_0.updated_at 
    from
        warehouse whd1_0 
    where
        whd1_0.name=?
2025-11-08 11:56:39.265 [main] DEBUG [tfms-truck-fleet-management-system] [] org.hibernate.SQL - 
    select
        ld1_0.id,
        ld1_0.address,
        ld1_0.city,
        ld1_0.created_at,
        ld1_0.is_active,
        ld1_0.latitude,
        ld1_0.longitude,
        ld1_0.postal_code,
        ld1_0.updated_at 
    from
        locations ld1_0 
    where
        ld1_0.postal_code=?
Hibernate: 
    select
        ld1_0.id,
        ld1_0.address,
        ld1_0.city,
        ld1_0.created_at,
        ld1_0.is_active,
        ld1_0.latitude,
        ld1_0.longitude,
        ld1_0.postal_code,
        ld1_0.updated_at 
    from
        locations ld1_0 
    where
        ld1_0.postal_code=?
2025-11-08 11:56:39.268 [main] DEBUG [tfms-truck-fleet-management-system] [] org.hibernate.SQL - 
    select
        pd1_0.id 
    from
        parcels pd1_0 
    where
        pd1_0.name=? 
    fetch
        first ? rows only
Hibernate: 
    select
        pd1_0.id 
    from
        parcels pd1_0 
    where
        pd1_0.name=? 
    fetch
        first ? rows only
2025-11-08 11:56:39.270 [main] DEBUG [tfms-truck-fleet-management-system] [] org.hibernate.SQL - 
    insert 
    into
        parcels
        (active, created_at, delivery_instructions, delivery_location_id, estimated_travel_time, name, planned_delivery_date, recipient_name, recipient_phone, status, stop_id, updated_at, volume, warehouse_id, weight) 
    values
        (?, ?, ?, ?, ?, ?, ?, ?, ?, ?, ?, ?, ?, ?, ?)
Hibernate: 
    insert 
    into
        parcels
        (active, created_at, delivery_instructions, delivery_location_id, estimated_travel_time, name, planned_delivery_date, recipient_name, recipient_phone, status, stop_id, updated_at, volume, warehouse_id, weight) 
    values
        (?, ?, ?, ?, ?, ?, ?, ?, ?, ?, ?, ?, ?, ?, ?)
2025-11-08 11:56:39.274 [main] DEBUG [tfms-truck-fleet-management-system] [] org.hibernate.SQL - 
    select
        ld1_0.id,
        ld1_0.address,
        ld1_0.city,
        ld1_0.created_at,
        ld1_0.is_active,
        ld1_0.latitude,
        ld1_0.longitude,
        ld1_0.postal_code,
        ld1_0.updated_at 
    from
        locations ld1_0 
    where
        ld1_0.postal_code=?
Hibernate: 
    select
        ld1_0.id,
        ld1_0.address,
        ld1_0.city,
        ld1_0.created_at,
        ld1_0.is_active,
        ld1_0.latitude,
        ld1_0.longitude,
        ld1_0.postal_code,
        ld1_0.updated_at 
    from
        locations ld1_0 
    where
        ld1_0.postal_code=?
2025-11-08 11:56:39.278 [main] DEBUG [tfms-truck-fleet-management-system] [] org.hibernate.SQL - 
    select
        whd1_0.id,
        whd1_0.active,
        whd1_0.created_at,
        whd1_0.location_id,
        whd1_0.name,
        whd1_0.updated_at 
    from
        warehouse whd1_0 
    where
        whd1_0.name=?
Hibernate: 
    select
        whd1_0.id,
        whd1_0.active,
        whd1_0.created_at,
        whd1_0.location_id,
        whd1_0.name,
        whd1_0.updated_at 
    from
        warehouse whd1_0 
    where
        whd1_0.name=?
2025-11-08 11:56:39.282 [main] DEBUG [tfms-truck-fleet-management-system] [] org.hibernate.SQL - 
    select
        ld1_0.id,
        ld1_0.address,
        ld1_0.city,
        ld1_0.created_at,
        ld1_0.is_active,
        ld1_0.latitude,
        ld1_0.longitude,
        ld1_0.postal_code,
        ld1_0.updated_at 
    from
        locations ld1_0 
    where
        ld1_0.postal_code=?
Hibernate: 
    select
        ld1_0.id,
        ld1_0.address,
        ld1_0.city,
        ld1_0.created_at,
        ld1_0.is_active,
        ld1_0.latitude,
        ld1_0.longitude,
        ld1_0.postal_code,
        ld1_0.updated_at 
    from
        locations ld1_0 
    where
        ld1_0.postal_code=?
2025-11-08 11:56:39.285 [main] DEBUG [tfms-truck-fleet-management-system] [] org.hibernate.SQL - 
    select
        pd1_0.id 
    from
        parcels pd1_0 
    where
        pd1_0.name=? 
    fetch
        first ? rows only
Hibernate: 
    select
        pd1_0.id 
    from
        parcels pd1_0 
    where
        pd1_0.name=? 
    fetch
        first ? rows only
2025-11-08 11:56:39.287 [main] DEBUG [tfms-truck-fleet-management-system] [] org.hibernate.SQL - 
    insert 
    into
        parcels
        (active, created_at, delivery_instructions, delivery_location_id, estimated_travel_time, name, planned_delivery_date, recipient_name, recipient_phone, status, stop_id, updated_at, volume, warehouse_id, weight) 
    values
        (?, ?, ?, ?, ?, ?, ?, ?, ?, ?, ?, ?, ?, ?, ?)
Hibernate: 
    insert 
    into
        parcels
        (active, created_at, delivery_instructions, delivery_location_id, estimated_travel_time, name, planned_delivery_date, recipient_name, recipient_phone, status, stop_id, updated_at, volume, warehouse_id, weight) 
    values
        (?, ?, ?, ?, ?, ?, ?, ?, ?, ?, ?, ?, ?, ?, ?)
2025-11-08 11:56:39.292 [main] DEBUG [tfms-truck-fleet-management-system] [] org.hibernate.SQL - 
    select
        ld1_0.id,
        ld1_0.address,
        ld1_0.city,
        ld1_0.created_at,
        ld1_0.is_active,
        ld1_0.latitude,
        ld1_0.longitude,
        ld1_0.postal_code,
        ld1_0.updated_at 
    from
        locations ld1_0 
    where
        ld1_0.postal_code=?
Hibernate: 
    select
        ld1_0.id,
        ld1_0.address,
        ld1_0.city,
        ld1_0.created_at,
        ld1_0.is_active,
        ld1_0.latitude,
        ld1_0.longitude,
        ld1_0.postal_code,
        ld1_0.updated_at 
    from
        locations ld1_0 
    where
        ld1_0.postal_code=?
2025-11-08 11:56:39.296 [main] DEBUG [tfms-truck-fleet-management-system] [] org.hibernate.SQL - 
    select
        whd1_0.id,
        whd1_0.active,
        whd1_0.created_at,
        whd1_0.location_id,
        whd1_0.name,
        whd1_0.updated_at 
    from
        warehouse whd1_0 
    where
        whd1_0.name=?
Hibernate: 
    select
        whd1_0.id,
        whd1_0.active,
        whd1_0.created_at,
        whd1_0.location_id,
        whd1_0.name,
        whd1_0.updated_at 
    from
        warehouse whd1_0 
    where
        whd1_0.name=?
2025-11-08 11:56:39.299 [main] DEBUG [tfms-truck-fleet-management-system] [] org.hibernate.SQL - 
    select
        ld1_0.id,
        ld1_0.address,
        ld1_0.city,
        ld1_0.created_at,
        ld1_0.is_active,
        ld1_0.latitude,
        ld1_0.longitude,
        ld1_0.postal_code,
        ld1_0.updated_at 
    from
        locations ld1_0 
    where
        ld1_0.postal_code=?
Hibernate: 
    select
        ld1_0.id,
        ld1_0.address,
        ld1_0.city,
        ld1_0.created_at,
        ld1_0.is_active,
        ld1_0.latitude,
        ld1_0.longitude,
        ld1_0.postal_code,
        ld1_0.updated_at 
    from
        locations ld1_0 
    where
        ld1_0.postal_code=?
2025-11-08 11:56:39.302 [main] DEBUG [tfms-truck-fleet-management-system] [] org.hibernate.SQL - 
    select
        pd1_0.id 
    from
        parcels pd1_0 
    where
        pd1_0.name=? 
    fetch
        first ? rows only
Hibernate: 
    select
        pd1_0.id 
    from
        parcels pd1_0 
    where
        pd1_0.name=? 
    fetch
        first ? rows only
2025-11-08 11:56:39.304 [main] DEBUG [tfms-truck-fleet-management-system] [] org.hibernate.SQL - 
    insert 
    into
        parcels
        (active, created_at, delivery_instructions, delivery_location_id, estimated_travel_time, name, planned_delivery_date, recipient_name, recipient_phone, status, stop_id, updated_at, volume, warehouse_id, weight) 
    values
        (?, ?, ?, ?, ?, ?, ?, ?, ?, ?, ?, ?, ?, ?, ?)
Hibernate: 
    insert 
    into
        parcels
        (active, created_at, delivery_instructions, delivery_location_id, estimated_travel_time, name, planned_delivery_date, recipient_name, recipient_phone, status, stop_id, updated_at, volume, warehouse_id, weight) 
    values
        (?, ?, ?, ?, ?, ?, ?, ?, ?, ?, ?, ?, ?, ?, ?)
2025-11-08 11:56:39.310 [main] DEBUG [tfms-truck-fleet-management-system] [] org.hibernate.SQL - 
    select
        ud1_0.id,
        ud1_0.active,
        ud1_0.api_key,
        ud1_0.created_at,
        ud1_0.email,
        ud1_0.password,
        ud1_0.updated_at,
        ud1_0.user_type,
        ud1_0.username 
    from
        users ud1_0 
    where
        ud1_0.email=?
Hibernate: 
    select
        ud1_0.id,
        ud1_0.active,
        ud1_0.api_key,
        ud1_0.created_at,
        ud1_0.email,
        ud1_0.password,
        ud1_0.updated_at,
        ud1_0.user_type,
        ud1_0.username 
    from
        users ud1_0 
    where
        ud1_0.email=?
2025-11-08 11:56:39.314 [main] DEBUG [tfms-truck-fleet-management-system] [] org.hibernate.SQL - 
    select
        ld1_0.id,
        ld1_0.address,
        ld1_0.city,
        ld1_0.created_at,
        ld1_0.is_active,
        ld1_0.latitude,
        ld1_0.longitude,
        ld1_0.postal_code,
        ld1_0.updated_at 
    from
        locations ld1_0 
    where
        ld1_0.postal_code=?
Hibernate: 
    select
        ld1_0.id,
        ld1_0.address,
        ld1_0.city,
        ld1_0.created_at,
        ld1_0.is_active,
        ld1_0.latitude,
        ld1_0.longitude,
        ld1_0.postal_code,
        ld1_0.updated_at 
    from
        locations ld1_0 
    where
        ld1_0.postal_code=?
2025-11-08 11:56:39.317 [main] DEBUG [tfms-truck-fleet-management-system] [] org.hibernate.SQL - 
    insert 
    into
        locations
        (address, city, created_at, is_active, latitude, longitude, postal_code, updated_at) 
    values
        (?, ?, ?, ?, ?, ?, ?, ?)
Hibernate: 
    insert 
    into
        locations
        (address, city, created_at, is_active, latitude, longitude, postal_code, updated_at) 
    values
        (?, ?, ?, ?, ?, ?, ?, ?)
2025-11-08 11:56:39.324 [main] DEBUG [tfms-truck-fleet-management-system] [] org.hibernate.SQL - 
    select
        dd1_0.id 
    from
        drivers dd1_0 
    where
        dd1_0.user_id=? 
    fetch
        first ? rows only
Hibernate: 
    select
        dd1_0.id 
    from
        drivers dd1_0 
    where
        dd1_0.user_id=? 
    fetch
        first ? rows only
2025-11-08 11:56:39.327 [main] DEBUG [tfms-truck-fleet-management-system] [] org.hibernate.SQL - 
    insert 
    into
        drivers
        (created_at, is_active, is_available, location_id, updated_at, user_id) 
    values
        (?, ?, ?, ?, ?, ?)
Hibernate: 
    insert 
    into
        drivers
        (created_at, is_active, is_available, location_id, updated_at, user_id) 
    values
        (?, ?, ?, ?, ?, ?)
Default Driver created: driver@tfms.com
2025-11-08 11:56:39.332 [main] DEBUG [tfms-truck-fleet-management-system] [] org.hibernate.SQL - 
    select
        ud1_0.id,
        ud1_0.active,
        ud1_0.api_key,
        ud1_0.created_at,
        ud1_0.email,
        ud1_0.password,
        ud1_0.updated_at,
        ud1_0.user_type,
        ud1_0.username 
    from
        users ud1_0 
    where
        ud1_0.email=?
Hibernate: 
    select
        ud1_0.id,
        ud1_0.active,
        ud1_0.api_key,
        ud1_0.created_at,
        ud1_0.email,
        ud1_0.password,
        ud1_0.updated_at,
        ud1_0.user_type,
        ud1_0.username 
    from
        users ud1_0 
    where
        ud1_0.email=?
2025-11-08 11:56:39.337 [main] DEBUG [tfms-truck-fleet-management-system] [] org.hibernate.SQL - 
    select
        ld1_0.id,
        ld1_0.address,
        ld1_0.city,
        ld1_0.created_at,
        ld1_0.is_active,
        ld1_0.latitude,
        ld1_0.longitude,
        ld1_0.postal_code,
        ld1_0.updated_at 
    from
        locations ld1_0 
    where
        ld1_0.postal_code=?
Hibernate: 
    select
        ld1_0.id,
        ld1_0.address,
        ld1_0.city,
        ld1_0.created_at,
        ld1_0.is_active,
        ld1_0.latitude,
        ld1_0.longitude,
        ld1_0.postal_code,
        ld1_0.updated_at 
    from
        locations ld1_0 
    where
        ld1_0.postal_code=?
2025-11-08 11:56:39.339 [main] DEBUG [tfms-truck-fleet-management-system] [] org.hibernate.SQL - 
    insert 
    into
        locations
        (address, city, created_at, is_active, latitude, longitude, postal_code, updated_at) 
    values
        (?, ?, ?, ?, ?, ?, ?, ?)
Hibernate: 
    insert 
    into
        locations
        (address, city, created_at, is_active, latitude, longitude, postal_code, updated_at) 
    values
        (?, ?, ?, ?, ?, ?, ?, ?)
2025-11-08 11:56:39.343 [main] DEBUG [tfms-truck-fleet-management-system] [] org.hibernate.SQL - 
    select
        dd1_0.id 
    from
        drivers dd1_0 
    where
        dd1_0.user_id=? 
    fetch
        first ? rows only
Hibernate: 
    select
        dd1_0.id 
    from
        drivers dd1_0 
    where
        dd1_0.user_id=? 
    fetch
        first ? rows only
2025-11-08 11:56:39.345 [main] DEBUG [tfms-truck-fleet-management-system] [] org.hibernate.SQL - 
    insert 
    into
        drivers
        (created_at, is_active, is_available, location_id, updated_at, user_id) 
    values
        (?, ?, ?, ?, ?, ?)
Hibernate: 
    insert 
    into
        drivers
        (created_at, is_active, is_available, location_id, updated_at, user_id) 
    values
        (?, ?, ?, ?, ?, ?)
Default Driver created: driver2@tfms.com
2025-11-08 11:56:39.349 [main] DEBUG [tfms-truck-fleet-management-system] [] org.hibernate.SQL - 
    select
        ud1_0.id,
        ud1_0.active,
        ud1_0.api_key,
        ud1_0.created_at,
        ud1_0.email,
        ud1_0.password,
        ud1_0.updated_at,
        ud1_0.user_type,
        ud1_0.username 
    from
        users ud1_0 
    where
        ud1_0.email=?
Hibernate: 
    select
        ud1_0.id,
        ud1_0.active,
        ud1_0.api_key,
        ud1_0.created_at,
        ud1_0.email,
        ud1_0.password,
        ud1_0.updated_at,
        ud1_0.user_type,
        ud1_0.username 
    from
        users ud1_0 
    where
        ud1_0.email=?
2025-11-08 11:56:39.352 [main] DEBUG [tfms-truck-fleet-management-system] [] org.hibernate.SQL - 
    select
        ld1_0.id,
        ld1_0.address,
        ld1_0.city,
        ld1_0.created_at,
        ld1_0.is_active,
        ld1_0.latitude,
        ld1_0.longitude,
        ld1_0.postal_code,
        ld1_0.updated_at 
    from
        locations ld1_0 
    where
        ld1_0.postal_code=?
Hibernate: 
    select
        ld1_0.id,
        ld1_0.address,
        ld1_0.city,
        ld1_0.created_at,
        ld1_0.is_active,
        ld1_0.latitude,
        ld1_0.longitude,
        ld1_0.postal_code,
        ld1_0.updated_at 
    from
        locations ld1_0 
    where
        ld1_0.postal_code=?
2025-11-08 11:56:39.355 [main] DEBUG [tfms-truck-fleet-management-system] [] org.hibernate.SQL - 
    select
        dd1_0.id 
    from
        drivers dd1_0 
    where
        dd1_0.user_id=? 
    fetch
        first ? rows only
Hibernate: 
    select
        dd1_0.id 
    from
        drivers dd1_0 
    where
        dd1_0.user_id=? 
    fetch
        first ? rows only
2025-11-08 11:56:39.357 [main] DEBUG [tfms-truck-fleet-management-system] [] org.hibernate.SQL - 
    insert 
    into
        drivers
        (created_at, is_active, is_available, location_id, updated_at, user_id) 
    values
        (?, ?, ?, ?, ?, ?)
Hibernate: 
    insert 
    into
        drivers
        (created_at, is_active, is_available, location_id, updated_at, user_id) 
    values
        (?, ?, ?, ?, ?, ?)
Default Driver created: driver3@tfms.com
2025-11-08 11:56:39.361 [main] DEBUG [tfms-truck-fleet-management-system] [] org.hibernate.SQL - 
    select
        td1_0.id 
    from
        trucks td1_0 
    where
        td1_0.plate_number=? 
    fetch
        first ? rows only
Hibernate: 
    select
        td1_0.id 
    from
        trucks td1_0 
    where
        td1_0.plate_number=? 
    fetch
        first ? rows only
2025-11-08 11:56:39.365 [main] DEBUG [tfms-truck-fleet-management-system] [] org.hibernate.SQL - 
    insert 
    into
        trucks
        (created_at, is_active, is_available, last_service_date, last_serviced_by, make, plate_number, truck_type, updated_at, volume) 
    values
        (?, ?, ?, ?, ?, ?, ?, ?, ?, ?)
Hibernate: 
    insert 
    into
        trucks
        (created_at, is_active, is_available, last_service_date, last_serviced_by, make, plate_number, truck_type, updated_at, volume) 
    values
        (?, ?, ?, ?, ?, ?, ?, ?, ?, ?)
Default Truck created: TRK-001
2025-11-08 11:56:39.386 [main] DEBUG [tfms-truck-fleet-management-system] [] org.hibernate.SQL - 
    select
        td1_0.id 
    from
        trucks td1_0 
    where
        td1_0.plate_number=? 
    fetch
        first ? rows only
Hibernate: 
    select
        td1_0.id 
    from
        trucks td1_0 
    where
        td1_0.plate_number=? 
    fetch
        first ? rows only
2025-11-08 11:56:39.389 [main] DEBUG [tfms-truck-fleet-management-system] [] org.hibernate.SQL - 
    insert 
    into
        trucks
        (created_at, is_active, is_available, last_service_date, last_serviced_by, make, plate_number, truck_type, updated_at, volume) 
    values
        (?, ?, ?, ?, ?, ?, ?, ?, ?, ?)
Hibernate: 
    insert 
    into
        trucks
        (created_at, is_active, is_available, last_service_date, last_serviced_by, make, plate_number, truck_type, updated_at, volume) 
    values
        (?, ?, ?, ?, ?, ?, ?, ?, ?, ?)
Default Truck created: TRK-002
2025-11-08 11:56:39.394 [main] DEBUG [tfms-truck-fleet-management-system] [] org.hibernate.SQL - 
    select
        td1_0.id 
    from
        trucks td1_0 
    where
        td1_0.plate_number=? 
    fetch
        first ? rows only
Hibernate: 
    select
        td1_0.id 
    from
        trucks td1_0 
    where
        td1_0.plate_number=? 
    fetch
        first ? rows only
2025-11-08 11:56:39.397 [main] DEBUG [tfms-truck-fleet-management-system] [] org.hibernate.SQL - 
    insert 
    into
        trucks
        (created_at, is_active, is_available, last_service_date, last_serviced_by, make, plate_number, truck_type, updated_at, volume) 
    values
        (?, ?, ?, ?, ?, ?, ?, ?, ?, ?)
Hibernate: 
    insert 
    into
        trucks
        (created_at, is_active, is_available, last_service_date, last_serviced_by, make, plate_number, truck_type, updated_at, volume) 
    values
        (?, ?, ?, ?, ?, ?, ?, ?, ?, ?)
Default Truck created: TRK-003
2025-11-08 11:56:39.401 [main] DEBUG [tfms-truck-fleet-management-system] [] org.hibernate.SQL - 
    select
        td1_0.id 
    from
        trucks td1_0 
    where
        td1_0.plate_number=? 
    fetch
        first ? rows only
Hibernate: 
    select
        td1_0.id 
    from
        trucks td1_0 
    where
        td1_0.plate_number=? 
    fetch
        first ? rows only
2025-11-08 11:56:39.403 [main] DEBUG [tfms-truck-fleet-management-system] [] org.hibernate.SQL - 
    insert 
    into
        trucks
        (created_at, is_active, is_available, last_service_date, last_serviced_by, make, plate_number, truck_type, updated_at, volume) 
    values
        (?, ?, ?, ?, ?, ?, ?, ?, ?, ?)
Hibernate: 
    insert 
    into
        trucks
        (created_at, is_active, is_available, last_service_date, last_serviced_by, make, plate_number, truck_type, updated_at, volume) 
    values
        (?, ?, ?, ?, ?, ?, ?, ?, ?, ?)
Default Truck created: TRK-004
2025-11-08 11:56:39.407 [main] DEBUG [tfms-truck-fleet-management-system] [] org.hibernate.SQL - 
    select
        td1_0.id 
    from
        trucks td1_0 
    where
        td1_0.plate_number=? 
    fetch
        first ? rows only
Hibernate: 
    select
        td1_0.id 
    from
        trucks td1_0 
    where
        td1_0.plate_number=? 
    fetch
        first ? rows only
2025-11-08 11:56:39.409 [main] DEBUG [tfms-truck-fleet-management-system] [] org.hibernate.SQL - 
    insert 
    into
        trucks
        (created_at, is_active, is_available, last_service_date, last_serviced_by, make, plate_number, truck_type, updated_at, volume) 
    values
        (?, ?, ?, ?, ?, ?, ?, ?, ?, ?)
Hibernate: 
    insert 
    into
        trucks
        (created_at, is_active, is_available, last_service_date, last_serviced_by, make, plate_number, truck_type, updated_at, volume) 
    values
        (?, ?, ?, ?, ?, ?, ?, ?, ?, ?)
Default Truck created: TRK-005
Default users initialization completed.

============================================================
TFMS - Truck Fleet Management System
============================================================
Active Profile: DEV
Production Mode: DISABLED
Server Port: 8443
Development Mode - Frontend runs separately
Backend API: http://localhost:8443/api
Frontend: http://localhost:3000 (run separately)
H2 Console: http://localhost:8443/h2-console
============================================================
Application started successfully!
============================================================

2025-11-08 11:56:44.468 [https-jsse-nio-8443-exec-2] DEBUG [] [] com.saxion.proj.tfms.config.security.RateLimitingFilter - Rate limit check: IP=0:0:0:0:0:0:0:1, Count=2, Limit=60
2025-11-08 11:56:44.593 [https-jsse-nio-8443-exec-2] INFO  [security-service] [LOGIN] com.saxion.proj.tfms.auth.service.AuthService - Authentication attempt for user: planner@tfms.com
2025-11-08 11:56:44.617 [https-jsse-nio-8443-exec-2] DEBUG [security-service] [] org.hibernate.SQL - 
    select
        ud1_0.id,
        ud1_0.active,
        ud1_0.api_key,
        ud1_0.created_at,
        ud1_0.email,
        ud1_0.password,
        ud1_0.updated_at,
        ud1_0.user_type,
        ud1_0.username 
    from
        users ud1_0 
    where
        ud1_0.email=? 
        and ud1_0.active=true
Hibernate: 
    select
        ud1_0.id,
        ud1_0.active,
        ud1_0.api_key,
        ud1_0.created_at,
        ud1_0.email,
        ud1_0.password,
        ud1_0.updated_at,
        ud1_0.user_type,
        ud1_0.username 
    from
        users ud1_0 
    where
        ud1_0.email=? 
        and ud1_0.active=true
2025-11-08 11:56:44.940 [https-jsse-nio-8443-exec-2] INFO  [security-service] [LOGIN] com.saxion.proj.tfms.auth.service.AuthService - Authentication successful for user: planner@tfms.com
2025-11-08 11:57:22.662 [SpringApplicationShutdownHook] INFO  [] [] org.springframework.boot.web.embedded.tomcat.GracefulShutdown - Commencing graceful shutdown. Waiting for active requests to complete
2025-11-08 11:57:22.666 [tomcat-shutdown] INFO  [] [] org.springframework.boot.web.embedded.tomcat.GracefulShutdown - Graceful shutdown complete
2025-11-08 11:57:22.687 [SpringApplicationShutdownHook] INFO  [] [] org.springframework.orm.jpa.LocalContainerEntityManagerFactoryBean - Closing JPA EntityManagerFactory for persistence unit 'default'
2025-11-08 11:57:22.690 [SpringApplicationShutdownHook] INFO  [] [] com.zaxxer.hikari.HikariDataSource - HikariPool-1 - Shutdown initiated...
2025-11-08 11:57:22.694 [SpringApplicationShutdownHook] INFO  [] [] com.zaxxer.hikari.HikariDataSource - HikariPool-1 - Shutdown completed.
